<?xml version="1.0" encoding="UTF-8"?>
<testsuite xmlns:xsi="http://www.w3.org/2001/XMLSchema-instance" xsi:noNamespaceSchemaLocation="https://maven.apache.org/surefire/maven-surefire-plugin/xsd/surefire-test-report.xsd" name="UsersRunnerTest" time="0.867" tests="3" errors="0" skipped="0" failures="0">
  <properties>
[...]
</properties>
  <testcase name="testUsers[1][1]" classname="UsersRunnerTest" time="0.062"/>
  <testcase name="testUsers[1][2]" classname="UsersRunnerTest" time="0.041"/>
  <testcase name="testUsers[1][3]" classname="UsersRunnerTest" time="0.764"/>
</testsuite>